app/build/outputs/logs/manifest-merger-debug-report.txt
-- Merging decision tree log ---
manifest
ADDED from AndroidManifest.xml:2:1
	xmlns:android
		ADDED from AndroidManifest.xml:2:11
	package
		ADDED from AndroidManifest.xml:3:7
		INJECTED from AndroidManifest.xml:0:0
		INJECTED from AndroidManifest.xml:0:0
	android:versionName
		ADDED from AndroidManifest.xml:5:7
	android:versionCode
		ADDED from AndroidManifest.xml:4:7
		INJECTED from AndroidManifest.xml:0:0
		INJECTED from AndroidManifest.xml:0:0
uses-permission#android.permission.WAKE_LOCK
ADDED from AndroidManifest.xml:6:7
	android:name
		ADDED from AndroidManifest.xml:6:24
uses-permission#android.permission.ACCESS_FINE_LOCATION
ADDED from AndroidManifest.xml:7:7
	android:name
		ADDED from AndroidManifest.xml:7:24
uses-permission#android.permission.ACCESS_COARSE_LOCATION
ADDED from AndroidManifest.xml:8:7
	android:name
		ADDED from AndroidManifest.xml:8:24
uses-permission#android.permission.VIBRATE
ADDED from AndroidManifest.xml:9:7
	android:name
		ADDED from AndroidManifest.xml:9:24
application
ADDED from AndroidManifest.xml:10:5
	android:label
		ADDED from AndroidManifest.xml:10:48
	android:icon
		ADDED from AndroidManifest.xml:10:18
activity#android.health.gui.TabSelector
ADDED from AndroidManifest.xml:11:6
	android:screenOrientation
		ADDED from AndroidManifest.xml:13:19
	android:label
		ADDED from AndroidManifest.xml:12:19
	android:theme
		ADDED from AndroidManifest.xml:14:19
	android:name
		ADDED from AndroidManifest.xml:11:16
intent-filter#android.intent.action.MAIN+android.intent.category.LAUNCHER
ADDED from AndroidManifest.xml:16:13
action#android.intent.action.MAIN
ADDED from AndroidManifest.xml:17:17
	android:name
		ADDED from AndroidManifest.xml:17:25
category#android.intent.category.LAUNCHER
ADDED from AndroidManifest.xml:18:17
	android:name
		ADDED from AndroidManifest.xml:18:27
activity#android.health.gui.OverallTabActivity
ADDED from AndroidManifest.xml:21:6
	android:screenOrientation
		ADDED from AndroidManifest.xml:21:69
	android:name
		ADDED from AndroidManifest.xml:21:16
activity#android.health.gui.DietTabActivity
ADDED from AndroidManifest.xml:22:9
	android:screenOrientation
		ADDED from AndroidManifest.xml:22:69
	android:name
		ADDED from AndroidManifest.xml:22:19
activity#android.health.gui.ExerciseTabActivity
ADDED from AndroidManifest.xml:23:9
	android:screenOrientation
		ADDED from AndroidManifest.xml:23:73
	android:name
		ADDED from AndroidManifest.xml:23:19
activity#android.health.gui.MealLoggerActivity
ADDED from AndroidManifest.xml:24:9
	android:screenOrientation
		ADDED from AndroidManifest.xml:24:72
	android:name
		ADDED from AndroidManifest.xml:24:19
activity#android.health.gui.ExerciseStatisticsActivity
ADDED from AndroidManifest.xml:25:9
	android:screenOrientation
		ADDED from AndroidManifest.xml:25:80
	android:name
		ADDED from AndroidManifest.xml:25:19
activity#android.health.gui.NewExerciseSessionActivity
ADDED from AndroidManifest.xml:26:9
	android:screenOrientation
		ADDED from AndroidManifest.xml:26:80
	android:name
		ADDED from AndroidManifest.xml:26:19
activity#android.health.gui.SessionStatusActivity
ADDED from AndroidManifest.xml:27:3
	android:screenOrientation
		ADDED from AndroidManifest.xml:27:69
	android:name
		ADDED from AndroidManifest.xml:27:13
activity#android.health.gui.MealMakerActivity
ADDED from AndroidManifest.xml:28:3
	android:screenOrientation
		ADDED from AndroidManifest.xml:28:65
	android:name
		ADDED from AndroidManifest.xml:28:13
activity#android.health.gui.Preferences
ADDED from AndroidManifest.xml:29:3
	android:screenOrientation
		ADDED from AndroidManifest.xml:29:59
	android:name
		ADDED from AndroidManifest.xml:29:13
service#android.health.pedometer.StepService
ADDED from AndroidManifest.xml:34:2
	android:name
		ADDED from AndroidManifest.xml:34:11
service#android.health.pedometer.DistanceService
ADDED from AndroidManifest.xml:35:2
	android:name
		ADDED from AndroidManifest.xml:35:11
service#android.health.dietlogging.FDAimportService
ADDED from AndroidManifest.xml:36:2
	android:name
		ADDED from AndroidManifest.xml:36:11
uses-sdk
ADDED from AndroidManifest.xml:38:5
	android:targetSdkVersion
		INJECTED from AndroidManifest.xml:0:0
		INJECTED from AndroidManifest.xml:0:0
	android:minSdkVersion
		ADDED from AndroidManifest.xml:38:15
		INJECTED from AndroidManifest.xml:0:0
		INJECTED from AndroidManifest.xml:0:0